🚀 Iniciando OneJs (una sola vez)...

⚠️ Failed to import /home/carlos/Desktop/Projects/climb-zone/packages/weather-api/EXAMPLES.ts: ResolveMessage: Cannot find module '@packages/weather-api' from '/home/carlos/Desktop/Projects/climb-zone/packages/weather-api/EXAMPLES.ts'
[12:06:37.282] INFO: [90m[[0m[32mINFO[0m[90m][0m [36mOneJs:config[0m [37mAll .env files from root loaded successfully.[0m
✅ OneJs iniciado correctamente

================================================================================
🎯 Ejecutando comando: test-valencia
================================================================================

🌍 Navegando a Valencia...

✅ Found Europe (ID: 11737771)
✅ Found Spain (ID: 11747395)
✅ Spain in DB (ID: 85f0d071-2fdc-4789-bd7c-5ce0fee6303a)

🔍 Looking for "Comunidad Valenciana"...

✅ Found Comunidad Valenciana (ID: 1846162401)

📦 Starting Valencia scraping...

💾 Region saved: Comunidad Valenciana
📊 New fields detected:
   - altNames: 2 names
   - locatedness: 4098
   - numberPhotos: 1275
   - numberTopos: 1531
   - totalFavorites: 2329
   - orientation: N/A
   - rockType: N/A

   ⛰️  Crag: Alcora
      📍 Sector: Sector (35 routes)
   ⛰️  Crag: Altura
      📍 Sector: Kan Pikola (17 routes)
      📍 Sector: Sargantana (14 routes)
      📍 Sector: Raconet (9 routes)
      📍 Sector: La Visera (5 routes)
      📍 Sector: El Dolmen (8 routes)
      📍 Sector: La Cornisa (7 routes)
      📍 Sector: Toxo del Pinxo (3 routes)
      📍 Sector: CEAP (8 routes)
      📍 Sector: Adrenalina (2 routes)
   ⛰️  Crag: Araya
      📍 Sector: Sector (61 routes)
   ⛰️  Crag: Argelita
      📍 Sector: Sector (2 routes)
   ⛰️  Crag: La Masia
      📍 Sector: Sector (15 routes)
   ⛰️  Crag: El Mirador
      📍 Sector: Sector (11 routes)
   ⛰️  Crag: Atzeneta del Maestrat
      📍 Sector: La Penumbra (17 routes)
      📍 Sector: La Mur (21 routes)
      📍 Sector: La Fortaleza (28 routes)
      📍 Sector: El Toll de l'Ofegador (12 routes)
   ⛰️  Crag: Ayódar
      📍 Sector: Estrechos (28 routes)
      📍 Sector: La Carretera (13 routes)
      📍 Sector: Bohigas (4 routes)
      📍 Sector: El Camino (3 routes)
      📍 Sector: Rompe Paraboltt (4 routes)
      📍 Sector: Circo (19 routes)
      📍 Sector: Final (6 routes)
   ⛰️  Crag: Barranco de Pajares - Ares
      📍 Sector: Sector (16 routes)
   ⛰️  Crag: Betxi
      📍 Sector: Jurassic Park (12 routes)
      📍 Sector: Vora Ríu (8 routes)
      📍 Sector: La Ciudad Perdida de Muchapicha (19 routes)
   ⛰️  Crag: La Botalària
      📍 Sector: Pared Negra (6 routes)
      📍 Sector: Sarbachos (3 routes)
      📍 Sector: Jindama (5 routes)
      📍 Sector: Agujas Rojas (5 routes)
      📍 Sector: Clandestino (32 routes)
      📍 Sector: Plaza (9 routes)
      📍 Sector: Escondite (5 routes)
   ⛰️  Crag: Borriol
      📍 Sector: Punta (17 routes)
      📍 Sector: Central (29 routes)
      📍 Sector: Iniciación (16 routes)
   ⛰️  Crag: La Cantera
      📍 Sector: Sector (16 routes)
   ⛰️  Crag: El Castellet
      📍 Sector: Principal (76 routes)
      📍 Sector: Sectores inferiores (30 routes)
      📍 Sector: La Coma Alta (28 routes)
   ⛰️  Crag: Cervera del Maestre
      📍 Sector: Geminis (17 routes)
      📍 Sector: El Cubo (3 routes)
      📍 Sector: La Plaça (23 routes)
      📍 Sector: Morral de l'Ángel (11 routes)
      📍 Sector: Els Apartats (19 routes)
   ⛰️  Crag: Les Costes
      📍 Sector: Les Costes (1 routes)
      📍 Sector: Supercostes (1 routes)
   ⛰️  Crag: Illuminati
      📍 Sector: Sector (1 routes)
   ⛰️  Crag: Bloque 1+2
      📍 Sector: Sector (3 routes)
   ⛰️  Crag: Bloque 3
      📍 Sector: Sector (13 routes)
   ⛰️  Crag: Bloque 5
      📍 Sector: Sector (10 routes)
   ⛰️  Crag: Cucala
      📍 Sector: Sector 0 (9 routes)
      📍 Sector: Sector 1 (30 routes)
      📍 Sector: Sector 2 (23 routes)
      📍 Sector: Sector 3 (32 routes)
   ⛰️  Crag: Culla
      📍 Sector: Frontón (1 routes)
   ⛰️  Crag: La Devesa
      📍 Sector: La Rampa (25 routes)
      📍 Sector: El Muro (16 routes)
      📍 Sector: La Fuga (40 routes)
   ⛰️  Crag: La Dragonera
      📍 Sector: Sector (12 routes)
   ⛰️  Crag: Figueroles
      📍 Sector: Sector (80 routes)
   ⛰️  Crag: La Grellera
      📍 Sector: La Cova (23 routes)
      📍 Sector: L'Agulla del Cami (22 routes)
      📍 Sector: El Columpio (13 routes)
      📍 Sector: Carrero Dreta (10 routes)
      📍 Sector: Carrero Esquerra (15 routes)
      📍 Sector: Central (29 routes)
      📍 Sector: Paret Roja (16 routes)
      📍 Sector: Diedros (10 routes)
   ⛰️  Crag: Jérica
      📍 Sector: L'Horta vertical (18 routes)
      📍 Sector: Mestre de melodies (12 routes)
      📍 Sector: Can volador (24 routes)
      📍 Sector: Pisuke (28 routes)
      📍 Sector: No dogma (11 routes)
      📍 Sector: Centinela de la Torre (29 routes)
      📍 Sector: Modo 9 (7 routes)
      📍 Sector: El Cantó (11 routes)
      📍 Sector: Huajolotes (57 routes)
      📍 Sector: Instints Primats (30 routes)
      📍 Sector: Jazz Riu (8 routes)
      📍 Sector: Pequeño calentamiento (6 routes)
      📍 Sector: Leaning Block and the Cube (5 routes)
      📍 Sector: TOR-B2 (2 routes)
      📍 Sector: TOR-B3 (1 routes)
      📍 Sector: TOR-B4 (2 routes)
      📍 Sector: El Mirador (7 routes)
      📍 Sector: Altarriba (7 routes)
      📍 Sector: Trincheras rehabilitadas (3 routes)
      📍 Sector: Trincheras (15 routes)
      📍 Sector: Hoya Cubos (4 routes)
   ⛰️  Crag: Lucena del Cid
      📍 Sector: Sector (34 routes)
   ⛰️  Crag: Mas de Domingo
      📍 Sector: Sector 1 (56 routes)
      📍 Sector: Sector 2 (9 routes)
   ⛰️  Crag: El Mollet
      📍 Sector: Sector (1 routes)
   ⛰️  Crag: Montanejos
      📍 Sector: Picados de Granel (9 routes)
      📍 Sector: Torre de la Lagartija (5 routes)
      📍 Sector: Este (4 routes)
      📍 Sector: Arafat Cuscus (11 routes)
      📍 Sector: Ermita Norte (10 routes)
      📍 Sector: Aguja Primera (7 routes)
      📍 Sector: Aguja Segunda (2 routes)
      📍 Sector: Centro del Laberinto (8 routes)
      📍 Sector: Derecha del Laberinto (3 routes)
      📍 Sector: Huevos Sarnosos (6 routes)
      📍 Sector: Huevos Cascarillosos (4 routes)
      📍 Sector: Boulder de Ernesto (2 routes)
      📍 Sector: Boulder de enfrente (2 routes)
      📍 Sector: Quien te lo ha dicho (3 routes)
      📍 Sector: Risco del Morrón (18 routes)
      📍 Sector: Ritman Blus (8 routes)
      📍 Sector: Que Más Da (3 routes)
      📍 Sector: Ninot Indultat (12 routes)
      📍 Sector: Espolón de Wyoming (2 routes)
      📍 Sector: Vaqueros de Wyoming (5 routes)
      📍 Sector: Vigilantes del Monte (2 routes)
      📍 Sector: La Polaca (24 routes)
      📍 Sector: Fisuras de la Carretera (13 routes)
