🚀 Iniciando OneJs (una sola vez)...

⚠️ Failed to import /home/carlos/Desktop/Projects/climb-zone/packages/weather-api/EXAMPLES.ts: ResolveMessage: Cannot find module '@packages/weather-api' from '/home/carlos/Desktop/Projects/climb-zone/packages/weather-api/EXAMPLES.ts'
[12:02:09.956] INFO: [90m[[0m[32mINFO[0m[90m][0m [36mOneJs:config[0m [37mAll .env files from root loaded successfully.[0m
✅ OneJs iniciado correctamente

================================================================================
🎯 Ejecutando comando: test-valencia
================================================================================

🌍 Navegando a Valencia...

✅ Found Europe (ID: 11737771)
✅ Found Spain (ID: 11747395)
⚠️  Spain not in database, creating it now...

❌ Error ejecutando comando: 116 |       ExternalId.create(spainNode.id),
117 |       europeContinent.id,
118 |       Name.create('Spain'),
119 |       spainGeometry ? Geometry.fromJSON(spainGeometry) : null
120 |     )
121 |     spainCountry = await countryRepo.saveByExternalId(newSpain)
                                           ^
TypeError: countryRepo.saveByExternalId is not a function. (In 'countryRepo.saveByExternalId(newSpain)', 'countryRepo.saveByExternalId' is undefined)
      at testValencia (/home/carlos/Desktop/Projects/climb-zone/apps/scripts/commands/test-valencia.command.ts:121:38)
      at async <anonymous> (/home/carlos/Desktop/Projects/climb-zone/apps/scripts/cli.ts:36:13)
      at async main (/home/carlos/Desktop/Projects/climb-zone/apps/scripts/cli.ts:119:29)

